<?xml version="1.0" encoding="UTF-8"?>
<testsuite name="ohtu.verkkokauppa.KauppaTest" tests="8" skipped="0" failures="0" errors="0" timestamp="2019-11-25T10:52:43" hostname="DESKTOP-GVJ2H96" time="1.295">
  <properties/>
  <testcase name="koristavoipoistaa" classname="ohtu.verkkokauppa.KauppaTest" time="1.255"/>
  <testcase name="ostoksenPaaytyttyaParametreillaOikeatArvot" classname="ohtu.verkkokauppa.KauppaTest" time="0.007"/>
  <testcase name="eriOstoksistaVeloitetaanOikeinToinenLoppu" classname="ohtu.verkkokauppa.KauppaTest" time="0.005"/>
  <testcase name="ostoksenPaaytyttyaPankinMetodiaTilisiirtoKutsutaan" classname="ohtu.verkkokauppa.KauppaTest" time="0.005"/>
  <testcase name="eriOstoksistaVeloitetaanOikein" classname="ohtu.verkkokauppa.KauppaTest" time="0.006"/>
  <testcase name="ostoskoriOnfreesi" classname="ohtu.verkkokauppa.KauppaTest" time="0.003"/>
  <testcase name="ostoskoriPyytaaViitteen" classname="ohtu.verkkokauppa.KauppaTest" time="0.003"/>
  <testcase name="samoistaOstoksistaVeloitetaanOikein" classname="ohtu.verkkokauppa.KauppaTest" time="0.004"/>
  <system-out><![CDATA[]]></system-out>
  <system-err><![CDATA[]]></system-err>
</testsuite>
