<?xml version="1.0" encoding="UTF-8"?>
<testsuite name="ohtuesimerkki.StatisticsTest" tests="5" skipped="0" failures="0" errors="0" timestamp="2019-11-01T14:02:31" hostname="DESKTOP-427ET1O" time="0.004">
  <properties/>
  <testcase name="testNoSuchTeam" classname="ohtuesimerkki.StatisticsTest" time="0.003"/>
  <testcase name="testSearchNull" classname="ohtuesimerkki.StatisticsTest" time="0.001"/>
  <testcase name="testTeams" classname="ohtuesimerkki.StatisticsTest" time="0.0"/>
  <testcase name="testTopScorers" classname="ohtuesimerkki.StatisticsTest" time="0.0"/>
  <testcase name="testSearch" classname="ohtuesimerkki.StatisticsTest" time="0.0"/>
  <system-out><![CDATA[]]></system-out>
  <system-err><![CDATA[]]></system-err>
</testsuite>
